<?xml version="1.0" encoding="UTF-8"?>
<testng-results ignored="0" total="1" passed="1" failed="0" skipped="0">
  <reporter-output>
  </reporter-output>
  <suite started-at="2022-09-06T11:09:59 IST" name="Default suite" finished-at="2022-09-06T11:10:00 IST" duration-ms="300">
    <groups>
    </groups>
    <test started-at="2022-09-06T11:09:59 IST" name="Default test" finished-at="2022-09-06T11:10:00 IST" duration-ms="300">
      <class name="com.ems.json_schema_validation.NetworkNtJsonSchemaValidator">
        <test-method signature="validateJsonSchema()[pri:0, instance:com.ems.json_schema_validation.NetworkNtJsonSchemaValidator@2accdbb5]" started-at="2022-09-06T11:10:00 IST" name="validateJsonSchema" finished-at="2022-09-06T11:10:00 IST" duration-ms="263" status="PASS">
          <reporter-output>
          </reporter-output>
        </test-method> <!-- validateJsonSchema -->
      </class> <!-- com.ems.json_schema_validation.NetworkNtJsonSchemaValidator -->
    </test> <!-- Default test -->
  </suite> <!-- Default suite -->
</testng-results>
